c:\users\student\downloads\c_textrpg-master\c_textrpg-master\textrpg\x64\debug\vc141.pdb
c:\users\student\downloads\c_textrpg-master\c_textrpg-master\textrpg\x64\debug\vc141.idb
c:\users\student\downloads\c_textrpg-master\c_textrpg-master\textrpg\x64\debug\storeweapon.obj
c:\users\student\downloads\c_textrpg-master\c_textrpg-master\textrpg\x64\debug\storemanager.obj
c:\users\student\downloads\c_textrpg-master\c_textrpg-master\textrpg\x64\debug\storearmor.obj
c:\users\student\downloads\c_textrpg-master\c_textrpg-master\textrpg\x64\debug\store.obj
c:\users\student\downloads\c_textrpg-master\c_textrpg-master\textrpg\x64\debug\stagenormal.obj
c:\users\student\downloads\c_textrpg-master\c_textrpg-master\textrpg\x64\debug\main.obj
c:\users\student\downloads\c_textrpg-master\c_textrpg-master\textrpg\x64\debug\stagemanager.obj
c:\users\student\downloads\c_textrpg-master\c_textrpg-master\textrpg\x64\debug\stagehard.obj
c:\users\student\downloads\c_textrpg-master\c_textrpg-master\textrpg\x64\debug\stageeasy.obj
c:\users\student\downloads\c_textrpg-master\c_textrpg-master\textrpg\x64\debug\stage.obj
c:\users\student\downloads\c_textrpg-master\c_textrpg-master\textrpg\x64\debug\player.obj
c:\users\student\downloads\c_textrpg-master\c_textrpg-master\textrpg\x64\debug\objectmanager.obj
c:\users\student\downloads\c_textrpg-master\c_textrpg-master\textrpg\x64\debug\obj.obj
c:\users\student\downloads\c_textrpg-master\c_textrpg-master\textrpg\x64\debug\monster.obj
c:\users\student\downloads\c_textrpg-master\c_textrpg-master\textrpg\x64\debug\itemweapon.obj
c:\users\student\downloads\c_textrpg-master\c_textrpg-master\textrpg\x64\debug\itemarmor.obj
c:\users\student\downloads\c_textrpg-master\c_textrpg-master\textrpg\x64\debug\item.obj
c:\users\student\downloads\c_textrpg-master\c_textrpg-master\textrpg\x64\debug\core.obj
c:\users\student\downloads\c_textrpg-master\c_textrpg-master\textrpg\x64\debug\character.obj
c:\users\student\downloads\c_textrpg-master\c_textrpg-master\x64\debug\textrpg.ilk
c:\users\student\downloads\c_textrpg-master\c_textrpg-master\x64\debug\textrpg.exe
c:\users\student\downloads\c_textrpg-master\c_textrpg-master\x64\debug\textrpg.pdb
c:\users\student\downloads\c_textrpg-master\c_textrpg-master\textrpg\x64\debug\textrpg.tlog\cl.command.1.tlog
c:\users\student\downloads\c_textrpg-master\c_textrpg-master\textrpg\x64\debug\textrpg.tlog\cl.read.1.tlog
c:\users\student\downloads\c_textrpg-master\c_textrpg-master\textrpg\x64\debug\textrpg.tlog\cl.write.1.tlog
c:\users\student\downloads\c_textrpg-master\c_textrpg-master\textrpg\x64\debug\textrpg.tlog\link.command.1.tlog
c:\users\student\downloads\c_textrpg-master\c_textrpg-master\textrpg\x64\debug\textrpg.tlog\link.read.1.tlog
c:\users\student\downloads\c_textrpg-master\c_textrpg-master\textrpg\x64\debug\textrpg.tlog\link.write.1.tlog
